<?xml version="1.0" encoding="UTF-8"?>
<!-- Generated by org.testng.reporters.JUnitReportReporter -->
<testsuite hostname="DESKTOP-HS9EPSU" failures="0" tests="1" name="testCases.Tc_010_invalidloginpage_password" time="39.865" errors="0" timestamp="2023-12-06T16:45:55 IST" skipped="0">
  <testcase classname="testCases.Tc_010_invalidloginpage_password" name="Invalidloginpage_password" time="39.865"/>
</testsuite> <!-- testCases.Tc_010_invalidloginpage_password -->
