<?xml version="1.0" encoding="UTF-8"?>
<!-- Generated by org.testng.reporters.JUnitReportReporter -->
<testsuite hostname="DESKTOP-HS9EPSU" failures="0" tests="1" name="testCases.Menu" time="112.887" errors="0" timestamp="2023-12-02T19:43:55 IST" skipped="0">
  <testcase classname="testCases.Menu" name="testq" time="112.887"/>
</testsuite> <!-- testCases.Menu -->
