<?xml version="1.0" encoding="UTF-8"?>
<!-- Generated by org.testng.reporters.JUnitReportReporter -->
<testsuite hostname="DESKTOP-HS9EPSU" failures="0" tests="1" name="testCases.Valid_login_page" time="54.706" errors="0" timestamp="2023-12-03T06:34:34 IST" skipped="0">
  <testcase classname="testCases.Valid_login_page" name="logintest" time="54.706"/>
</testsuite> <!-- testCases.Valid_login_page -->
