<?xml version="1.0" encoding="UTF-8"?>
<!-- Generated by org.testng.reporters.JUnitReportReporter -->
<testsuite hostname="DESKTOP-HS9EPSU" failures="0" tests="1" name="testCases.Tc_003_invalid_signuppage" time="40.285" errors="0" timestamp="2023-12-07T14:23:10 IST" skipped="0">
  <testcase classname="testCases.Tc_003_invalid_signuppage" name="Invalid_signuppage" time="40.285"/>
</testsuite> <!-- testCases.Tc_003_invalid_signuppage -->
