<?xml version="1.0" encoding="UTF-8"?>
<!-- Generated by org.testng.reporters.JUnitReportReporter -->
<testsuite hostname="DESKTOP-HS9EPSU" failures="0" tests="1" name="testCases.Validate_bottom_link_page" time="30.763" errors="0" timestamp="2023-11-29T23:58:37 IST" skipped="0">
  <testcase classname="testCases.Validate_bottom_link_page" name="bottomlinkverfiry" time="30.763"/>
</testsuite> <!-- testCases.Validate_bottom_link_page -->
