<?xml version="1.0" encoding="UTF-8"?>
<!-- Generated by org.testng.reporters.JUnitReportReporter -->
<testsuite hostname="DESKTOP-HS9EPSU" failures="0" tests="1" name="testCases.Tc_007_shopping_cart_page" time="62.816" errors="0" timestamp="2023-12-03T12:50:15 IST" skipped="0">
  <testcase classname="testCases.Tc_007_shopping_cart_page" name="valid_shoppingcartpage" time="62.816"/>
</testsuite> <!-- testCases.Tc_007_shopping_cart_page -->
