<?xml version="1.0" encoding="UTF-8"?>
<!-- Generated by org.testng.reporters.JUnitReportReporter -->
<testsuite hostname="DESKTOP-HS9EPSU" failures="0" tests="1" name="testCases.Tc_006_valid_bottomlinkpage" time="26.740" errors="0" timestamp="2023-12-07T14:23:10 IST" skipped="0">
  <testcase classname="testCases.Tc_006_valid_bottomlinkpage" name="verfifybottomlink" time="26.740"/>
</testsuite> <!-- testCases.Tc_006_valid_bottomlinkpage -->
