<?xml version="1.0" encoding="UTF-8"?>
<!-- Generated by org.testng.reporters.JUnitReportReporter -->
<testsuite hostname="DESKTOP-HS9EPSU" failures="0" tests="1" name="testCases.Valid_signup_page" time="40.958" errors="0" timestamp="2023-11-29T23:58:37 IST" skipped="0">
  <testcase classname="testCases.Valid_signup_page" name="signuptest" time="40.958"/>
</testsuite> <!-- testCases.Valid_signup_page -->
