<?xml version="1.0" encoding="UTF-8"?>
<!-- Generated by org.testng.reporters.JUnitReportReporter -->
<testsuite hostname="DESKTOP-HS9EPSU" failures="0" tests="1" name="testCases.Tc_001_validloginpage" time="53.589" errors="0" timestamp="2023-12-03T22:43:16 IST" skipped="0">
  <testcase classname="testCases.Tc_001_validloginpage" name="logintest" time="53.589"/>
</testsuite> <!-- testCases.Tc_001_validloginpage -->
