<?xml version="1.0" encoding="UTF-8"?>
<!-- Generated by org.testng.reporters.JUnitReportReporter -->
<testsuite hostname="DESKTOP-HS9EPSU" failures="0" tests="1" name="testCases.Tc_002_validloginpage" time="34.726" errors="0" timestamp="2023-12-07T14:23:10 IST" skipped="0">
  <testcase classname="testCases.Tc_002_validloginpage" name="logintest" time="34.726"/>
</testsuite> <!-- testCases.Tc_002_validloginpage -->
