<?xml version="1.0" encoding="UTF-8"?>
<!-- Generated by org.testng.reporters.JUnitReportReporter -->
<testsuite hostname="DESKTOP-HS9EPSU" failures="0" tests="1" name="testCases.Tc_002_Valid_signuppage" time="38.437" errors="0" timestamp="2023-12-03T18:48:29 IST" skipped="0">
  <testcase classname="testCases.Tc_002_Valid_signuppage" name="signuptest" time="38.437"/>
</testsuite> <!-- testCases.Tc_002_Valid_signuppage -->
