<?xml version="1.0" encoding="UTF-8"?>
<!-- Generated by org.testng.reporters.JUnitReportReporter -->
<testsuite hostname="DESKTOP-HS9EPSU" failures="0" tests="1" name="testCases.Validate_Add_cart_All_pages" time="126.600" errors="0" timestamp="2023-12-01T22:42:17 IST" skipped="0">
  <testcase classname="testCases.Validate_Add_cart_All_pages" name="alladdcart" time="126.600"/>
</testsuite> <!-- testCases.Validate_Add_cart_All_pages -->
